Thu Mar 16 18:20:19 2017: Webserver starting ...
Thu Mar 16 18:20:19 2017: Document path: C:\emuino\www
Thu Mar 16 18:20:19 2017: Server started: Host=localhost, Port=80
Thu Mar 16 18:20:19 2017: WWebserver with PHP 5.4.45 running ...
Thu Mar 16 18:20:20 2017: Server started: Host=localhost, Port=443
Thu Mar 16 18:21:03 2017: Server stopped: Host=localhost, Port=80
Thu Mar 16 18:21:03 2017: Server stopped: Host=localhost, Port=443
Thu Mar 16 18:21:03 2017: Webserver stopped
Thu Mar 16 18:29:44 2017: Webserver starting ...
Thu Mar 16 18:29:44 2017: Document path: C:\emuino\www
Thu Mar 16 18:29:44 2017: Server started: Host=localhost, Port=80
Thu Mar 16 18:29:44 2017: Server started: Host=localhost, Port=443
Thu Mar 16 18:29:44 2017: WWebserver with PHP 5.4.45 running ...
Thu Mar 16 18:32:01 2017: Server stopped: Host=localhost, Port=80
Thu Mar 16 18:32:01 2017: Server stopped: Host=localhost, Port=443
Thu Mar 16 18:32:01 2017: Webserver stopped
Thu Mar 16 18:33:11 2017: Webserver starting ...
Thu Mar 16 18:33:11 2017: Document path: C:\emuino\www
Thu Mar 16 18:33:11 2017: Server started: Host=localhost, Port=80
Thu Mar 16 18:33:11 2017: Server started: Host=localhost, Port=443
Thu Mar 16 18:33:11 2017: WWebserver with PHP 5.4.45 running ...
Thu Mar 16 18:33:12 2017: Webserver stopping ...
Thu Mar 16 18:33:12 2017: Server stopped: Host=localhost, Port=80
Thu Mar 16 18:33:12 2017: Server stopped: Host=localhost, Port=443
Thu Mar 16 18:33:12 2017: Webserver stopped
Thu Mar 16 18:34:23 2017: Webserver starting ...
Thu Mar 16 18:34:23 2017: Document path: ../www
Thu Mar 16 18:34:23 2017: Server started: Host=localhost, Port=80
Thu Mar 16 18:34:23 2017: Server started: Host=localhost, Port=443
Thu Mar 16 18:34:23 2017: WWebserver with PHP 5.4.45 running ...
Thu Mar 16 18:34:42 2017: Webserver stopping ...
Thu Mar 16 18:34:42 2017: Server stopped: Host=localhost, Port=80
Thu Mar 16 18:34:42 2017: Server stopped: Host=localhost, Port=443
Thu Mar 16 18:34:42 2017: Webserver stopped
Thu Mar 16 18:34:50 2017: Webserver starting ...
Thu Mar 16 18:34:50 2017: Document path: ../emuino/www
Thu Mar 16 18:34:50 2017: Server started: Host=localhost, Port=80
Thu Mar 16 18:34:50 2017: Server started: Host=localhost, Port=443
Thu Mar 16 18:34:50 2017: WWebserver with PHP 5.4.45 running ...
Thu Mar 16 18:35:00 2017: Webserver stopping ...
Thu Mar 16 18:35:00 2017: Server stopped: Host=localhost, Port=80
Thu Mar 16 18:35:00 2017: Server stopped: Host=localhost, Port=443
Thu Mar 16 18:35:00 2017: Webserver stopped
Thu Mar 16 18:35:01 2017: Webserver starting ...
Thu Mar 16 18:35:01 2017: Document path: /emuino/www
Thu Mar 16 18:35:01 2017: Server started: Host=localhost, Port=80
Thu Mar 16 18:35:01 2017: WWebserver with PHP 5.4.45 running ...
Thu Mar 16 18:35:01 2017: Server started: Host=localhost, Port=443
Thu Mar 16 18:35:13 2017: Webserver stopping ...
Thu Mar 16 18:35:13 2017: Server stopped: Host=localhost, Port=80
Thu Mar 16 18:35:13 2017: Server stopped: Host=localhost, Port=443
Thu Mar 16 18:35:13 2017: Webserver stopped
Thu Mar 16 18:35:13 2017: Webserver starting ...
Thu Mar 16 18:35:13 2017: Document path: ../../emuino/www
Thu Mar 16 18:35:13 2017: Server started: Host=localhost, Port=80
Thu Mar 16 18:35:13 2017: WWebserver with PHP 5.4.45 running ...
Thu Mar 16 18:35:13 2017: Server started: Host=localhost, Port=443
Thu Mar 16 18:35:22 2017: Webserver stopping ...
Thu Mar 16 18:35:22 2017: Server stopped: Host=localhost, Port=80
Thu Mar 16 18:35:22 2017: Server stopped: Host=localhost, Port=443
Thu Mar 16 18:35:22 2017: Webserver stopped
Thu Mar 16 18:35:22 2017: Webserver starting ...
Thu Mar 16 18:35:22 2017: Document path: ../../../emuino/www
Thu Mar 16 18:35:22 2017: Server started: Host=localhost, Port=80
Thu Mar 16 18:35:22 2017: Server started: Host=localhost, Port=443
Thu Mar 16 18:35:22 2017: WWebserver with PHP 5.4.45 running ...
Thu Mar 16 18:35:30 2017: Webserver stopping ...
Thu Mar 16 18:35:30 2017: Server stopped: Host=localhost, Port=80
Thu Mar 16 18:35:30 2017: Server stopped: Host=localhost, Port=443
Thu Mar 16 18:35:30 2017: Webserver stopped
Thu Mar 16 18:35:31 2017: Webserver starting ...
Thu Mar 16 18:35:31 2017: Document path: ../../../../emuino/www
Thu Mar 16 18:35:31 2017: Server started: Host=localhost, Port=80
Thu Mar 16 18:35:31 2017: Server started: Host=localhost, Port=443
Thu Mar 16 18:35:31 2017: WWebserver with PHP 5.4.45 running ...
Thu Mar 16 18:35:41 2017: Webserver stopping ...
Thu Mar 16 18:35:41 2017: Server stopped: Host=localhost, Port=80
Thu Mar 16 18:35:41 2017: Server stopped: Host=localhost, Port=443
Thu Mar 16 18:35:41 2017: Webserver stopped
Thu Mar 16 18:35:42 2017: Webserver starting ...
Thu Mar 16 18:35:42 2017: Document path: c:/emuino/www
Thu Mar 16 18:35:42 2017: Server started: Host=localhost, Port=80
Thu Mar 16 18:35:42 2017: WWebserver with PHP 5.4.45 running ...
Thu Mar 16 18:35:42 2017: Server started: Host=localhost, Port=443
Thu Mar 16 18:35:44 2017: Webserver stopping ...
Thu Mar 16 18:35:44 2017: Server stopped: Host=localhost, Port=80
Thu Mar 16 18:35:44 2017: Server stopped: Host=localhost, Port=443
Thu Mar 16 18:35:44 2017: Webserver stopped
Thu Mar 16 18:35:45 2017: Webserver starting ...
Thu Mar 16 18:35:45 2017: Document path: c:/emuino/www
Thu Mar 16 18:35:45 2017: Server started: Host=localhost, Port=80
Thu Mar 16 18:35:45 2017: Server started: Host=localhost, Port=443
Thu Mar 16 18:35:45 2017: WWebserver with PHP 5.4.45 running ...
Thu Mar 16 18:35:52 2017: Webserver stopping ...
Thu Mar 16 18:35:52 2017: Server stopped: Host=localhost, Port=80
Thu Mar 16 18:35:52 2017: Server stopped: Host=localhost, Port=443
Thu Mar 16 18:35:52 2017: Webserver stopped
Thu Mar 16 18:35:53 2017: Webserver starting ...
Thu Mar 16 18:35:53 2017: Document path: c:\emuino\www
Thu Mar 16 18:35:53 2017: Server started: Host=localhost, Port=443
Thu Mar 16 18:35:53 2017: Server started: Host=localhost, Port=80
Thu Mar 16 18:35:53 2017: WWebserver with PHP 5.4.45 running ...
Thu Mar 16 18:36:02 2017: Webserver stopping ...
Thu Mar 16 18:36:02 2017: Server stopped: Host=localhost, Port=80
Thu Mar 16 18:36:02 2017: Server stopped: Host=localhost, Port=443
Thu Mar 16 18:36:02 2017: Webserver stopped
Thu Mar 16 18:36:03 2017: Webserver starting ...
Thu Mar 16 18:36:03 2017: Document path: c:\emuino\www
Thu Mar 16 18:36:03 2017: Server started: Host=localhost, Port=80
Thu Mar 16 18:36:03 2017: Server started: Host=localhost, Port=443
Thu Mar 16 18:36:03 2017: WWebserver with PHP 5.4.45 running ...
Thu Mar 16 18:36:17 2017: Webserver stopping ...
Thu Mar 16 18:36:17 2017: Server stopped: Host=localhost, Port=80
Thu Mar 16 18:36:17 2017: Server stopped: Host=localhost, Port=443
Thu Mar 16 18:36:17 2017: Webserver stopped
Thu Mar 16 18:36:18 2017: Webserver starting ...
Thu Mar 16 18:36:18 2017: Document path: C:\emuino\www
Thu Mar 16 18:36:18 2017: Server started: Host=localhost, Port=80
Thu Mar 16 18:36:18 2017: WWebserver with PHP 5.4.45 running ...
Thu Mar 16 18:36:18 2017: Server started: Host=localhost, Port=443
Thu Mar 16 18:36:27 2017: Webserver stopping ...
Thu Mar 16 18:36:27 2017: Server stopped: Host=localhost, Port=80
Thu Mar 16 18:36:27 2017: Server stopped: Host=localhost, Port=443
Thu Mar 16 18:36:27 2017: Webserver stopped
Thu Mar 16 18:37:15 2017: Webserver starting ...
Thu Mar 16 18:37:15 2017: Document path: C:\emuino\WWebserver_with_PHP_5.4.45
Thu Mar 16 18:37:15 2017: Server started: Host=localhost, Port=80
Thu Mar 16 18:37:15 2017: WWebserver with PHP 5.4.45 running ...
Thu Mar 16 18:37:15 2017: Server started: Host=localhost, Port=443
Thu Mar 16 18:37:24 2017: Webserver stopping ...
Thu Mar 16 18:37:24 2017: Server stopped: Host=localhost, Port=80
Thu Mar 16 18:37:24 2017: Server stopped: Host=localhost, Port=443
Thu Mar 16 18:37:24 2017: Webserver stopped
Thu Mar 16 18:38:07 2017: Webserver starting ...
Thu Mar 16 18:38:07 2017: Document path: C:\emuino\WWebserver_with_PHP_5.4.45
Thu Mar 16 18:38:07 2017: Server started: Host=localhost, Port=80
Thu Mar 16 18:38:07 2017: WWebserver with PHP 5.4.45 running ...
Thu Mar 16 18:38:07 2017: Server started: Host=localhost, Port=443
Thu Mar 16 18:38:31 2017: Webserver stopping ...
Thu Mar 16 18:38:31 2017: Server stopped: Host=localhost, Port=80
Thu Mar 16 18:38:31 2017: Server stopped: Host=localhost, Port=443
Thu Mar 16 18:38:31 2017: Webserver stopped
Thu Mar 16 18:59:03 2017: Webserver starting ...
Thu Mar 16 18:59:03 2017: Document path: C:\emuino\www
Thu Mar 16 18:59:03 2017: Server started: Host=localhost, Port=80
Thu Mar 16 18:59:03 2017: WWebserver with PHP 5.4.45 running ...
Thu Mar 16 18:59:03 2017: Server started: Host=localhost, Port=443
Thu Mar 16 18:59:04 2017: Webserver stopping ...
Thu Mar 16 18:59:04 2017: Server stopped: Host=localhost, Port=80
Thu Mar 16 18:59:04 2017: Server stopped: Host=localhost, Port=443
Thu Mar 16 18:59:05 2017: Webserver stopped
Thu Mar 16 18:59:30 2017: Webserver starting ...
Thu Mar 16 18:59:30 2017: Document path: C:\emuino\www
Thu Mar 16 18:59:30 2017: Server started: Host=localhost, Port=80
Thu Mar 16 18:59:30 2017: WWebserver with PHP 5.4.45 running ...
Thu Mar 16 18:59:30 2017: Server started: Host=localhost, Port=443
Thu Mar 16 18:59:50 2017: Webserver stopping ...
Thu Mar 16 18:59:50 2017: Server stopped: Host=localhost, Port=80
Thu Mar 16 18:59:50 2017: Server stopped: Host=localhost, Port=443
Thu Mar 16 18:59:50 2017: Webserver stopped
Thu Mar 16 19:00:34 2017: WWebserver with PHP 5.4.45 starting ...
Thu Mar 16 19:00:34 2017: Document path: C:\emuino\www
Thu Mar 16 19:00:34 2017: Server started: Host=localhost, Port=80
Thu Mar 16 19:00:34 2017: Server started: Host=localhost, Port=443
Thu Mar 16 19:03:48 2017: WWebserver with PHP 5.4.45 starting ...
Thu Mar 16 19:03:48 2017: Document path: C:\emuino\www
Thu Mar 16 19:03:48 2017: Server started: Host=localhost, Port=80
Thu Mar 16 19:03:48 2017: Server started: Host=localhost, Port=443
Thu Mar 16 19:04:21 2017: WWebserver with PHP 5.4.45 starting ...
Thu Mar 16 19:04:21 2017: Document path: C:\emuino\www
Thu Mar 16 19:04:21 2017: Server started: Host=localhost, Port=80
Thu Mar 16 19:04:21 2017: Server started: Host=localhost, Port=443
Thu Mar 16 19:04:55 2017: WWebserver with PHP 5.4.45 starting ...
Thu Mar 16 19:04:55 2017: Document path: C:\emuino\www
Thu Mar 16 19:04:55 2017: Server started: Host=localhost, Port=80
Thu Mar 16 19:04:55 2017: Server started: Host=localhost, Port=443
Thu Mar 16 19:06:58 2017: WWebserver with PHP 5.4.45 starting ...
Thu Mar 16 19:06:58 2017: Document path: C:\emuino\www
Thu Mar 16 19:06:58 2017: Server started: Host=localhost, Port=80
Thu Mar 16 19:06:58 2017: Server started: Host=localhost, Port=443
Thu Mar 16 19:18:25 2017: WWebserver with PHP 5.4.45 starting ...
Thu Mar 16 19:18:25 2017: Document path: C:\emuino\www
Thu Mar 16 19:18:26 2017: Server started: Host=localhost, Port=80
Thu Mar 16 19:18:26 2017: Server started: Host=localhost, Port=443
Thu Mar 16 20:10:28 2017: WWebserver with PHP 5.4.45 starting ...
Thu Mar 16 20:10:28 2017: Document path: C:\emuino\www
Thu Mar 16 20:10:28 2017: Server started: Host=localhost, Port=80
Thu Mar 16 20:10:28 2017: Server started: Host=localhost, Port=443
